2022-04-16 15:34:25,023 - root - INFO - +++++++HUMAN DETECTING LOOP+++++++++++
2022-04-16 15:34:25,031 - werkzeug - INFO - 172.20.115.166 - - [16/Apr/2022 07:34:25] "GET / HTTP/1.1" 200 -
2022-04-16 15:39:12,765 - root - INFO - +++++++HUMAN DETECTING LOOP+++++++++++
2022-04-16 15:39:14,540 - root - INFO - +++++++HUMAN DETECTING LOOP+++++++++++
2022-04-16 15:39:16,290 - root - INFO - +++++++HUMAN DETECTING LOOP+++++++++++
2022-04-16 15:39:18,032 - root - INFO - +++++++HUMAN DETECTING LOOP+++++++++++
2022-04-16 15:39:19,778 - root - INFO - +++++++HUMAN DETECTING LOOP+++++++++++
2022-04-16 15:39:21,522 - root - INFO - +++++++HUMAN DETECTING LOOP+++++++++++
2022-04-16 15:39:23,266 - root - INFO - +++++++HUMAN DETECTING LOOP+++++++++++
2022-04-16 15:39:25,009 - root - INFO - +++++++HUMAN DETECTING LOOP+++++++++++
2022-04-16 15:39:25,012 - werkzeug - INFO - 172.20.115.166 - - [16/Apr/2022 07:39:25] "GET / HTTP/1.1" 200 -
2022-04-16 15:44:12,776 - root - INFO - +++++++HUMAN DETECTING LOOP+++++++++++
2022-04-16 15:44:14,527 - root - INFO - +++++++HUMAN DETECTING LOOP+++++++++++
2022-04-16 15:44:16,272 - root - INFO - +++++++HUMAN DETECTING LOOP+++++++++++
2022-04-16 15:44:18,016 - root - INFO - +++++++HUMAN DETECTING LOOP+++++++++++
2022-04-16 15:44:19,759 - root - INFO - +++++++HUMAN DETECTING LOOP+++++++++++
2022-04-16 15:44:21,504 - root - INFO - +++++++HUMAN DETECTING LOOP+++++++++++
2022-04-16 15:44:23,254 - root - INFO - +++++++HUMAN DETECTING LOOP+++++++++++
2022-04-16 15:44:24,998 - root - INFO - +++++++HUMAN DETECTING LOOP+++++++++++
2022-04-16 15:44:25,000 - werkzeug - INFO - 172.20.115.166 - - [16/Apr/2022 07:44:25] "GET / HTTP/1.1" 200 -
2022-04-16 15:49:12,780 - root - INFO - +++++++HUMAN DETECTING LOOP+++++++++++
2022-04-16 15:49:14,530 - root - INFO - +++++++HUMAN DETECTING LOOP+++++++++++
2022-04-16 15:49:16,273 - root - INFO - +++++++HUMAN DETECTING LOOP+++++++++++
2022-04-16 15:49:18,016 - root - INFO - +++++++HUMAN DETECTING LOOP+++++++++++
2022-04-16 15:49:19,761 - root - INFO - +++++++HUMAN DETECTING LOOP+++++++++++
2022-04-16 15:49:21,511 - root - INFO - +++++++HUMAN DETECTING LOOP+++++++++++
2022-04-16 15:49:23,262 - root - INFO - +++++++HUMAN DETECTING LOOP+++++++++++
2022-04-16 15:49:25,012 - root - INFO - +++++++HUMAN DETECTING LOOP+++++++++++
2022-04-16 15:49:25,015 - werkzeug - INFO - 172.20.115.166 - - [16/Apr/2022 07:49:25] "GET / HTTP/1.1" 200 -
2022-04-16 15:54:12,774 - root - INFO - +++++++HUMAN DETECTING LOOP+++++++++++
2022-04-16 15:54:14,525 - root - INFO - +++++++HUMAN DETECTING LOOP+++++++++++
2022-04-16 15:54:16,272 - root - INFO - +++++++HUMAN DETECTING LOOP+++++++++++
2022-04-16 15:54:18,026 - root - INFO - +++++++HUMAN DETECTING LOOP+++++++++++
2022-04-16 15:54:19,768 - root - INFO - +++++++HUMAN DETECTING LOOP+++++++++++
2022-04-16 15:54:21,512 - root - INFO - +++++++HUMAN DETECTING LOOP+++++++++++
2022-04-16 15:54:23,256 - root - INFO - +++++++HUMAN DETECTING LOOP+++++++++++
2022-04-16 15:54:25,003 - root - INFO - +++++++HUMAN DETECTING LOOP+++++++++++
2022-04-16 15:54:25,005 - werkzeug - INFO - 172.20.115.166 - - [16/Apr/2022 07:54:25] "GET / HTTP/1.1" 200 -
2022-04-16 15:59:12,773 - root - INFO - +++++++HUMAN DETECTING LOOP+++++++++++
2022-04-16 15:59:14,521 - root - INFO - +++++++HUMAN DETECTING LOOP+++++++++++
2022-04-16 15:59:16,270 - root - INFO - +++++++HUMAN DETECTING LOOP+++++++++++
2022-04-16 15:59:18,019 - root - INFO - +++++++HUMAN DETECTING LOOP+++++++++++
2022-04-16 15:59:19,763 - root - INFO - +++++++HUMAN DETECTING LOOP+++++++++++
2022-04-16 15:59:21,549 - root - INFO - +++++++HUMAN DETECTING LOOP+++++++++++
2022-04-16 15:59:23,292 - root - INFO - +++++++HUMAN DETECTING LOOP+++++++++++
2022-04-16 15:59:25,036 - root - INFO - +++++++HUMAN DETECTING LOOP+++++++++++
2022-04-16 15:59:25,038 - werkzeug - INFO - 172.20.115.166 - - [16/Apr/2022 07:59:25] "GET / HTTP/1.1" 200 -
2022-04-16 16:05:53,263 - root - INFO - 1 min counting down to launch webapp
2022-04-16 16:06:53,743 - werkzeug - INFO -  * Running on http://172.20.115.181:83/ (Press CTRL+C to quit)
2022-04-16 16:06:53,761 - werkzeug - INFO -  * Restarting with stat
2022-04-16 16:07:03,521 - root - INFO - 1 min counting down to launch webapp
2022-04-16 16:08:03,688 - werkzeug - WARNING -  * Debugger is active!
2022-04-16 16:08:03,889 - werkzeug - INFO -  * Debugger PIN: 131-728-001
2022-04-16 16:09:12,979 - root - INFO - +++++++HUMAN DETECTING LOOP+++++++++++
2022-04-16 16:09:14,722 - root - INFO - +++++++HUMAN DETECTING LOOP+++++++++++
2022-04-16 16:09:16,463 - root - INFO - +++++++HUMAN DETECTING LOOP+++++++++++
2022-04-16 16:09:18,210 - root - INFO - +++++++HUMAN DETECTING LOOP+++++++++++
2022-04-16 16:09:19,951 - root - INFO - +++++++HUMAN DETECTING LOOP+++++++++++
2022-04-16 16:09:21,692 - root - INFO - +++++++HUMAN DETECTING LOOP+++++++++++
2022-04-16 16:09:23,470 - root - INFO - +++++++HUMAN DETECTING LOOP+++++++++++
2022-04-16 16:09:25,222 - root - INFO - +++++++HUMAN DETECTING LOOP+++++++++++
2022-04-16 16:09:25,226 - werkzeug - INFO - 172.20.115.166 - - [16/Apr/2022 08:09:25] "GET / HTTP/1.1" 200 -
2022-04-16 16:14:12,812 - root - INFO - +++++++HUMAN DETECTING LOOP+++++++++++
2022-04-16 16:14:14,563 - root - INFO - +++++++HUMAN DETECTING LOOP+++++++++++
2022-04-16 16:14:16,305 - root - INFO - +++++++HUMAN DETECTING LOOP+++++++++++
2022-04-16 16:14:18,055 - root - INFO - +++++++HUMAN DETECTING LOOP+++++++++++
2022-04-16 16:14:19,796 - root - INFO - +++++++HUMAN DETECTING LOOP+++++++++++
2022-04-16 16:14:21,539 - root - INFO - +++++++HUMAN DETECTING LOOP+++++++++++
2022-04-16 16:14:23,280 - root - INFO - +++++++HUMAN DETECTING LOOP+++++++++++
2022-04-16 16:14:25,057 - root - INFO - +++++++HUMAN DETECTING LOOP+++++++++++
2022-04-16 16:14:25,060 - werkzeug - INFO - 172.20.115.166 - - [16/Apr/2022 08:14:25] "GET / HTTP/1.1" 200 -
2022-04-16 16:19:12,753 - root - INFO - +++++++HUMAN DETECTING LOOP+++++++++++
2022-04-16 16:19:14,495 - root - INFO - +++++++HUMAN DETECTING LOOP+++++++++++
2022-04-16 16:19:16,237 - root - INFO - +++++++HUMAN DETECTING LOOP+++++++++++
2022-04-16 16:19:17,981 - root - INFO - +++++++HUMAN DETECTING LOOP+++++++++++
2022-04-16 16:19:19,730 - root - INFO - +++++++HUMAN DETECTING LOOP+++++++++++
2022-04-16 16:19:21,483 - root - INFO - +++++++HUMAN DETECTING LOOP+++++++++++
2022-04-16 16:19:23,233 - root - INFO - +++++++HUMAN DETECTING LOOP+++++++++++
2022-04-16 16:19:24,979 - root - INFO - +++++++HUMAN DETECTING LOOP+++++++++++
2022-04-16 16:19:24,981 - werkzeug - INFO - 172.20.115.166 - - [16/Apr/2022 08:19:24] "GET / HTTP/1.1" 200 -
2022-04-16 16:24:12,767 - root - INFO - +++++++HUMAN DETECTING LOOP+++++++++++
2022-04-16 16:24:14,510 - root - INFO - +++++++HUMAN DETECTING LOOP+++++++++++
2022-04-16 16:24:16,255 - root - INFO - +++++++HUMAN DETECTING LOOP+++++++++++
2022-04-16 16:24:18,999 - root - INFO - +++++++HUMAN DETECTING LOOP+++++++++++
2022-04-16 16:24:19,742 - root - INFO - +++++++HUMAN DETECTING LOOP+++++++++++
2022-04-16 16:24:21,493 - root - INFO - +++++++HUMAN DETECTING LOOP+++++++++++
2022-04-16 16:24:23,239 - root - INFO - +++++++HUMAN DETECTING LOOP+++++++++++
2022-04-16 16:24:24,985 - root - INFO - +++++++HUMAN DETECTING LOOP+++++++++++
2022-04-16 16:24:24,988 - werkzeug - INFO - 172.20.115.166 - - [16/Apr/2022 08:24:24] "GET / HTTP/1.1" 200 -
2022-04-16 16:29:12,790 - root - INFO - +++++++HUMAN DETECTING LOOP+++++++++++
2022-04-16 16:29:14,565 - root - INFO - +++++++HUMAN DETECTING LOOP+++++++++++
2022-04-16 16:29:16,312 - root - INFO - +++++++HUMAN DETECTING LOOP+++++++++++
2022-04-16 16:29:18,058 - root - INFO - +++++++HUMAN DETECTING LOOP+++++++++++
2022-04-16 16:29:19,800 - root - INFO - +++++++HUMAN DETECTING LOOP+++++++++++
2022-04-16 16:29:21,546 - root - INFO - +++++++HUMAN DETECTING LOOP+++++++++++
2022-04-16 16:29:23,297 - root - INFO - +++++++HUMAN DETECTING LOOP+++++++++++
2022-04-16 16:29:25,037 - root - INFO - +++++++HUMAN DETECTING LOOP+++++++++++
2022-04-16 16:29:25,040 - werkzeug - INFO - 172.20.115.166 - - [16/Apr/2022 08:29:25] "GET / HTTP/1.1" 200 -
2022-04-16 16:34:12,796 - root - INFO - +++++++HUMAN DETECTING LOOP+++++++++++
2022-04-16 16:34:14,541 - root - INFO - +++++++HUMAN DETECTING LOOP+++++++++++
2022-04-16 16:34:16,284 - root - INFO - +++++++HUMAN DETECTING LOOP+++++++++++
2022-04-16 16:34:18,025 - root - INFO - +++++++HUMAN DETECTING LOOP+++++++++++
2022-04-16 16:34:19,769 - root - INFO - +++++++HUMAN DETECTING LOOP+++++++++++
2022-04-16 16:34:21,515 - root - INFO - +++++++HUMAN DETECTING LOOP+++++++++++
2022-04-16 16:34:23,256 - root - INFO - +++++++HUMAN DETECTING LOOP+++++++++++
2022-04-16 16:34:25,001 - root - INFO - +++++++HUMAN DETECTING LOOP+++++++++++
2022-04-16 16:34:25,003 - werkzeug - INFO - 172.20.115.166 - - [16/Apr/2022 08:34:25] "GET / HTTP/1.1" 200 -
2022-04-16 16:39:12,745 - root - INFO - +++++++HUMAN DETECTING LOOP+++++++++++
2022-04-16 16:39:14,488 - root - INFO - +++++++HUMAN DETECTING LOOP+++++++++++
2022-04-16 16:39:16,238 - root - INFO - +++++++HUMAN DETECTING LOOP+++++++++++
2022-04-16 16:39:18,013 - root - INFO - +++++++HUMAN DETECTING LOOP+++++++++++
2022-04-16 16:39:19,755 - root - INFO - +++++++HUMAN DETECTING LOOP+++++++++++
2022-04-16 16:39:21,496 - root - INFO - +++++++HUMAN DETECTING LOOP+++++++++++
2022-04-16 16:39:23,244 - root - INFO - +++++++HUMAN DETECTING LOOP+++++++++++
2022-04-16 16:39:24,992 - root - INFO - +++++++HUMAN DETECTING LOOP+++++++++++
2022-04-16 16:39:24,995 - werkzeug - INFO - 172.20.115.166 - - [16/Apr/2022 08:39:24] "GET / HTTP/1.1" 200 -
2022-04-16 16:44:12,829 - root - INFO - +++++++HUMAN DETECTING LOOP+++++++++++
2022-04-16 16:44:14,580 - root - INFO - +++++++HUMAN DETECTING LOOP+++++++++++
2022-04-16 16:44:16,332 - root - INFO - +++++++HUMAN DETECTING LOOP+++++++++++
2022-04-16 16:44:18,073 - root - INFO - +++++++HUMAN DETECTING LOOP+++++++++++
2022-04-16 16:44:19,848 - root - INFO - +++++++HUMAN DETECTING LOOP+++++++++++
2022-04-16 16:44:21,596 - root - INFO - +++++++HUMAN DETECTING LOOP+++++++++++
2022-04-16 16:44:23,343 - root - INFO - +++++++HUMAN DETECTING LOOP+++++++++++
2022-04-16 16:44:25,093 - root - INFO - +++++++HUMAN DETECTING LOOP+++++++++++
2022-04-16 16:44:25,095 - werkzeug - INFO - 172.20.115.166 - - [16/Apr/2022 08:44:25] "GET / HTTP/1.1" 200 -
2022-04-16 16:49:12,795 - root - INFO - +++++++HUMAN DETECTING LOOP+++++++++++
2022-04-16 16:49:14,542 - root - INFO - +++++++HUMAN DETECTING LOOP+++++++++++
2022-04-16 16:49:16,290 - root - INFO - +++++++HUMAN DETECTING LOOP+++++++++++
2022-04-16 16:49:18,042 - root - INFO - +++++++HUMAN DETECTING LOOP+++++++++++
2022-04-16 16:49:19,790 - root - INFO - +++++++HUMAN DETECTING LOOP+++++++++++
2022-04-16 16:49:21,566 - root - INFO - +++++++HUMAN DETECTING LOOP+++++++++++
2022-04-16 16:49:23,310 - root - INFO - +++++++HUMAN DETECTING LOOP+++++++++++
2022-04-16 16:49:25,060 - root - INFO - +++++++HUMAN DETECTING LOOP+++++++++++
2022-04-16 16:49:25,062 - werkzeug - INFO - 172.20.115.166 - - [16/Apr/2022 08:49:25] "GET / HTTP/1.1" 200 -
2022-04-16 16:54:12,796 - root - INFO - +++++++HUMAN DETECTING LOOP+++++++++++
2022-04-16 16:54:14,542 - root - INFO - +++++++HUMAN DETECTING LOOP+++++++++++
2022-04-16 16:54:16,292 - root - INFO - +++++++HUMAN DETECTING LOOP+++++++++++
2022-04-16 16:54:18,038 - root - INFO - +++++++HUMAN DETECTING LOOP+++++++++++
2022-04-16 16:54:19,783 - root - INFO - +++++++HUMAN DETECTING LOOP+++++++++++
2022-04-16 16:54:21,526 - root - INFO - +++++++HUMAN DETECTING LOOP+++++++++++
2022-04-16 16:54:23,302 - root - INFO - +++++++HUMAN DETECTING LOOP+++++++++++
2022-04-16 16:54:25,051 - root - INFO - +++++++HUMAN DETECTING LOOP+++++++++++
2022-04-16 16:54:25,054 - werkzeug - INFO - 172.20.115.166 - - [16/Apr/2022 08:54:25] "GET / HTTP/1.1" 200 -
2022-04-16 16:59:12,802 - root - INFO - +++++++HUMAN DETECTING LOOP+++++++++++
2022-04-16 16:59:14,543 - root - INFO - +++++++HUMAN DETECTING LOOP+++++++++++
2022-04-16 16:59:16,292 - root - INFO - +++++++HUMAN DETECTING LOOP+++++++++++
2022-04-16 16:59:18,044 - root - INFO - +++++++HUMAN DETECTING LOOP+++++++++++
2022-04-16 16:59:19,788 - root - INFO - +++++++HUMAN DETECTING LOOP+++++++++++
2022-04-16 16:59:21,530 - root - INFO - +++++++HUMAN DETECTING LOOP+++++++++++
2022-04-16 16:59:23,277 - root - INFO - +++++++HUMAN DETECTING LOOP+++++++++++
2022-04-16 16:59:25,057 - root - INFO - +++++++HUMAN DETECTING LOOP+++++++++++
2022-04-16 16:59:25,059 - werkzeug - INFO - 172.20.115.166 - - [16/Apr/2022 08:59:25] "GET / HTTP/1.1" 200 -
2022-04-16 17:05:54,028 - root - INFO - 1 min counting down to launch webapp
2022-04-16 17:06:54,198 - werkzeug - INFO -  * Running on http://172.20.115.181:83/ (Press CTRL+C to quit)
2022-04-16 17:06:54,208 - werkzeug - INFO -  * Restarting with stat
2022-04-16 17:07:03,568 - root - INFO - 1 min counting down to launch webapp
2022-04-16 17:08:03,744 - werkzeug - WARNING -  * Debugger is active!
2022-04-16 17:08:03,965 - werkzeug - INFO -  * Debugger PIN: 114-048-488
2022-04-16 17:09:13,159 - root - INFO - +++++++HUMAN DETECTING LOOP+++++++++++
2022-04-16 17:09:14,906 - root - INFO - +++++++HUMAN DETECTING LOOP+++++++++++
2022-04-16 17:09:16,665 - root - INFO - +++++++HUMAN DETECTING LOOP+++++++++++
2022-04-16 17:09:18,418 - root - INFO - +++++++HUMAN DETECTING LOOP+++++++++++
2022-04-16 17:09:20,159 - root - INFO - +++++++HUMAN DETECTING LOOP+++++++++++
2022-04-16 17:09:21,901 - root - INFO - +++++++HUMAN DETECTING LOOP+++++++++++
2022-04-16 17:09:23,652 - root - INFO - +++++++HUMAN DETECTING LOOP+++++++++++
2022-04-16 17:09:25,394 - root - INFO - +++++++HUMAN DETECTING LOOP+++++++++++
2022-04-16 17:09:25,399 - werkzeug - INFO - 172.20.115.166 - - [16/Apr/2022 09:09:25] "GET / HTTP/1.1" 200 -
2022-04-16 17:14:12,836 - root - INFO - +++++++HUMAN DETECTING LOOP+++++++++++
2022-04-16 17:14:14,583 - root - INFO - +++++++HUMAN DETECTING LOOP+++++++++++
2022-04-16 17:14:16,328 - root - INFO - +++++++HUMAN DETECTING LOOP+++++++++++
2022-04-16 17:14:18,072 - root - INFO - +++++++HUMAN DETECTING LOOP+++++++++++
2022-04-16 17:14:19,815 - root - INFO - +++++++HUMAN DETECTING LOOP+++++++++++
2022-04-16 17:14:21,560 - root - INFO - +++++++HUMAN DETECTING LOOP+++++++++++
2022-04-16 17:14:23,306 - root - INFO - +++++++HUMAN DETECTING LOOP+++++++++++
2022-04-16 17:14:25,046 - root - INFO - +++++++HUMAN DETECTING LOOP+++++++++++
2022-04-16 17:14:25,049 - werkzeug - INFO - 172.20.115.166 - - [16/Apr/2022 09:14:25] "GET / HTTP/1.1" 200 -
2022-04-16 17:19:12,799 - root - INFO - +++++++HUMAN DETECTING LOOP+++++++++++
2022-04-16 17:19:14,579 - root - INFO - +++++++HUMAN DETECTING LOOP+++++++++++
2022-04-16 17:19:16,326 - root - INFO - +++++++HUMAN DETECTING LOOP+++++++++++
2022-04-16 17:19:18,069 - root - INFO - +++++++HUMAN DETECTING LOOP+++++++++++
2022-04-16 17:19:19,812 - root - INFO - +++++++HUMAN DETECTING LOOP+++++++++++
2022-04-16 17:19:21,558 - root - INFO - +++++++HUMAN DETECTING LOOP+++++++++++
2022-04-16 17:19:23,302 - root - INFO - +++++++HUMAN DETECTING LOOP+++++++++++
2022-04-16 17:19:25,051 - root - INFO - +++++++HUMAN DETECTING LOOP+++++++++++
2022-04-16 17:19:25,053 - werkzeug - INFO - 172.20.115.166 - - [16/Apr/2022 09:19:25] "GET / HTTP/1.1" 200 -
2022-04-16 17:24:12,777 - root - INFO - +++++++HUMAN DETECTING LOOP+++++++++++
2022-04-16 17:24:14,520 - root - INFO - +++++++HUMAN DETECTING LOOP+++++++++++
2022-04-16 17:24:16,297 - root - INFO - +++++++HUMAN DETECTING LOOP+++++++++++
2022-04-16 17:24:18,047 - root - INFO - +++++++HUMAN DETECTING LOOP+++++++++++
2022-04-16 17:24:19,790 - root - INFO - +++++++HUMAN DETECTING LOOP+++++++++++
2022-04-16 17:24:21,532 - root - INFO - +++++++HUMAN DETECTING LOOP+++++++++++
2022-04-16 17:24:23,275 - root - INFO - +++++++HUMAN DETECTING LOOP+++++++++++
2022-04-16 17:24:25,018 - root - INFO - +++++++HUMAN DETECTING LOOP+++++++++++
2022-04-16 17:24:25,021 - werkzeug - INFO - 172.20.115.166 - - [16/Apr/2022 09:24:25] "GET / HTTP/1.1" 200 -
2022-04-16 17:29:12,772 - root - INFO - +++++++HUMAN DETECTING LOOP+++++++++++
2022-04-16 17:29:14,516 - root - INFO - +++++++HUMAN DETECTING LOOP+++++++++++
2022-04-16 17:29:16,262 - root - INFO - +++++++HUMAN DETECTING LOOP+++++++++++
2022-04-16 17:29:18,038 - root - INFO - +++++++HUMAN DETECTING LOOP+++++++++++
2022-04-16 17:29:19,780 - root - INFO - +++++++HUMAN DETECTING LOOP+++++++++++
2022-04-16 17:29:21,529 - root - INFO - +++++++HUMAN DETECTING LOOP+++++++++++
2022-04-16 17:29:23,271 - root - INFO - +++++++HUMAN DETECTING LOOP+++++++++++
2022-04-16 17:29:25,016 - root - INFO - +++++++HUMAN DETECTING LOOP+++++++++++
2022-04-16 17:29:25,018 - werkzeug - INFO - 172.20.115.166 - - [16/Apr/2022 09:29:25] "GET / HTTP/1.1" 200 -
2022-04-16 17:34:12,754 - root - INFO - +++++++HUMAN DETECTING LOOP+++++++++++
2022-04-16 17:34:14,505 - root - INFO - +++++++HUMAN DETECTING LOOP+++++++++++
2022-04-16 17:34:16,254 - root - INFO - +++++++HUMAN DETECTING LOOP+++++++++++
2022-04-16 17:34:17,997 - root - INFO - +++++++HUMAN DETECTING LOOP+++++++++++
2022-04-16 17:34:19,772 - root - INFO - +++++++HUMAN DETECTING LOOP+++++++++++
2022-04-16 17:34:21,515 - root - INFO - +++++++HUMAN DETECTING LOOP+++++++++++
2022-04-16 17:34:23,261 - root - INFO - +++++++HUMAN DETECTING LOOP+++++++++++
2022-04-16 17:34:25,011 - root - INFO - +++++++HUMAN DETECTING LOOP+++++++++++
2022-04-16 17:34:25,013 - werkzeug - INFO - 172.20.115.166 - - [16/Apr/2022 09:34:25] "GET / HTTP/1.1" 200 -
2022-04-16 17:39:12,750 - root - INFO - +++++++HUMAN DETECTING LOOP+++++++++++
2022-04-16 17:39:14,501 - root - INFO - +++++++HUMAN DETECTING LOOP+++++++++++
2022-04-16 17:39:16,249 - root - INFO - +++++++HUMAN DETECTING LOOP+++++++++++
2022-04-16 17:39:18,999 - root - INFO - +++++++HUMAN DETECTING LOOP+++++++++++
2022-04-16 17:39:19,745 - root - INFO - +++++++HUMAN DETECTING LOOP+++++++++++
2022-04-16 17:39:21,529 - root - INFO - +++++++HUMAN DETECTING LOOP+++++++++++
2022-04-16 17:39:23,276 - root - INFO - +++++++HUMAN DETECTING LOOP+++++++++++
2022-04-16 17:39:25,020 - root - INFO - +++++++HUMAN DETECTING LOOP+++++++++++
2022-04-16 17:39:25,023 - werkzeug - INFO - 172.20.115.166 - - [16/Apr/2022 09:39:25] "GET / HTTP/1.1" 200 -
2022-04-16 17:44:12,791 - root - INFO - +++++++HUMAN DETECTING LOOP+++++++++++
2022-04-16 17:44:14,534 - root - INFO - +++++++HUMAN DETECTING LOOP+++++++++++
2022-04-16 17:44:16,285 - root - INFO - +++++++HUMAN DETECTING LOOP+++++++++++
2022-04-16 17:44:18,031 - root - INFO - +++++++HUMAN DETECTING LOOP+++++++++++
2022-04-16 17:44:19,777 - root - INFO - +++++++HUMAN DETECTING LOOP+++++++++++
2022-04-16 17:44:21,530 - root - INFO - +++++++HUMAN DETECTING LOOP+++++++++++
2022-04-16 17:44:23,314 - root - INFO - +++++++HUMAN DETECTING LOOP+++++++++++
2022-04-16 17:44:25,061 - root - INFO - +++++++HUMAN DETECTING LOOP+++++++++++
2022-04-16 17:44:25,064 - werkzeug - INFO - 172.20.115.166 - - [16/Apr/2022 09:44:25] "GET / HTTP/1.1" 200 -
2022-04-16 17:49:12,803 - root - INFO - +++++++HUMAN DETECTING LOOP+++++++++++
2022-04-16 17:49:14,548 - root - INFO - +++++++HUMAN DETECTING LOOP+++++++++++
2022-04-16 17:49:16,292 - root - INFO - +++++++HUMAN DETECTING LOOP+++++++++++
2022-04-16 17:49:18,035 - root - INFO - +++++++HUMAN DETECTING LOOP+++++++++++
2022-04-16 17:49:19,777 - root - INFO - +++++++HUMAN DETECTING LOOP+++++++++++
2022-04-16 17:49:21,523 - root - INFO - +++++++HUMAN DETECTING LOOP+++++++++++
2022-04-16 17:49:23,274 - root - INFO - +++++++HUMAN DETECTING LOOP+++++++++++
2022-04-16 17:49:25,058 - root - INFO - +++++++HUMAN DETECTING LOOP+++++++++++
2022-04-16 17:49:25,060 - werkzeug - INFO - 172.20.115.166 - - [16/Apr/2022 09:49:25] "GET / HTTP/1.1" 200 -
2022-04-16 17:54:12,837 - root - INFO - +++++++HUMAN DETECTING LOOP+++++++++++
2022-04-16 17:54:14,584 - root - INFO - +++++++HUMAN DETECTING LOOP+++++++++++
2022-04-16 17:54:16,326 - root - INFO - +++++++HUMAN DETECTING LOOP+++++++++++
2022-04-16 17:54:18,077 - root - INFO - +++++++HUMAN DETECTING LOOP+++++++++++
2022-04-16 17:54:19,823 - root - INFO - +++++++HUMAN DETECTING LOOP+++++++++++
2022-04-16 17:54:21,566 - root - INFO - +++++++HUMAN DETECTING LOOP+++++++++++
2022-04-16 17:54:23,318 - root - INFO - +++++++HUMAN DETECTING LOOP+++++++++++
2022-04-16 17:54:25,068 - root - INFO - +++++++HUMAN DETECTING LOOP+++++++++++
2022-04-16 17:54:25,070 - werkzeug - INFO - 172.20.115.166 - - [16/Apr/2022 09:54:25] "GET / HTTP/1.1" 200 -
2022-04-16 17:59:12,849 - root - INFO - +++++++HUMAN DETECTING LOOP+++++++++++
2022-04-16 17:59:14,596 - root - INFO - +++++++HUMAN DETECTING LOOP+++++++++++
2022-04-16 17:59:16,346 - root - INFO - +++++++HUMAN DETECTING LOOP+++++++++++
2022-04-16 17:59:18,102 - root - INFO - +++++++HUMAN DETECTING LOOP+++++++++++
2022-04-16 17:59:19,850 - root - INFO - +++++++HUMAN DETECTING LOOP+++++++++++
2022-04-16 17:59:21,593 - root - INFO - +++++++HUMAN DETECTING LOOP+++++++++++
2022-04-16 17:59:23,338 - root - INFO - +++++++HUMAN DETECTING LOOP+++++++++++
2022-04-16 17:59:25,084 - root - INFO - +++++++HUMAN DETECTING LOOP+++++++++++
2022-04-16 17:59:25,086 - werkzeug - INFO - 172.20.115.166 - - [16/Apr/2022 09:59:25] "GET / HTTP/1.1" 200 -
2022-04-16 18:04:12,799 - root - INFO - +++++++HUMAN DETECTING LOOP+++++++++++
2022-04-16 18:04:14,583 - root - INFO - +++++++HUMAN DETECTING LOOP+++++++++++
2022-04-16 18:04:16,326 - root - INFO - +++++++HUMAN DETECTING LOOP+++++++++++
2022-04-16 18:04:18,070 - root - INFO - +++++++HUMAN DETECTING LOOP+++++++++++
2022-04-16 18:04:19,822 - root - INFO - +++++++HUMAN DETECTING LOOP+++++++++++
2022-04-16 18:04:21,566 - root - INFO - +++++++HUMAN DETECTING LOOP+++++++++++
2022-04-16 18:04:23,308 - root - INFO - +++++++HUMAN DETECTING LOOP+++++++++++
2022-04-16 18:04:25,061 - root - INFO - +++++++HUMAN DETECTING LOOP+++++++++++
2022-04-16 18:04:25,064 - werkzeug - INFO - 172.20.115.166 - - [16/Apr/2022 10:04:25] "GET / HTTP/1.1" 200 -
